<?xml version="1.0" encoding="UTF-8"?>
<!-- Generated by org.testng.reporters.JUnitReportReporter -->
<testsuite skipped="0" hostname="ITSEHBG-DN0775" name="com.knowit.tests.AmazonKnowitTests" tests="7" failures="0" timestamp="09 jun 2019 17:59:36 GMT" time="18.695" errors="0">
  <testcase name="printNameAndPrice" time="9.107" classname="com.knowit.tests.AmazonKnowitTests"/>
  <testcase name="launchSite" time="0.167" classname="com.knowit.tests.AmazonKnowitTests"/>
  <testcase name="selectAvgRatting" time="2.522" classname="com.knowit.tests.AmazonKnowitTests"/>
  <testcase name="searchProdcut" time="2.328" classname="com.knowit.tests.AmazonKnowitTests"/>
  <testcase name="printTotalNumberOfProducts" time="0.254" classname="com.knowit.tests.AmazonKnowitTests"/>
  <testcase name="opendepartmentPage" time="2.451" classname="com.knowit.tests.AmazonKnowitTests"/>
  <testcase name="printMiniPriceDetails" time="1.866" classname="com.knowit.tests.AmazonKnowitTests"/>
</testsuite> <!-- com.knowit.tests.AmazonKnowitTests -->
