<?xml version="1.0" encoding="UTF-8"?>
<!-- Generated by org.testng.reporters.JUnitReportReporter -->
<testsuite skipped="0" hostname="ITSEHBG-DN0775" name="com.knowit.AmazonTest" tests="4" failures="0" timestamp="08 jun 2019 19:23:16 GMT" time="7.733" errors="0">
  <testcase name="opendepartmentPage" time="2.882" classname="com.knowit.AmazonTest"/>
  <testcase name="searchProdcut" time="2.445" classname="com.knowit.AmazonTest"/>
  <testcase name="launchSite" time="1.948" classname="com.knowit.AmazonTest"/>
  <testcase name="selectAvgRatting" time="0.458" classname="com.knowit.AmazonTest"/>
</testsuite> <!-- com.knowit.AmazonTest -->
